<?xml version="1.0" encoding="UTF-8"?>
<coverage generated="1790086838594" clover="3.2.0">
  <project timestamp="1790086838594" name="All files">
    <metrics statements="128" coveredstatements="91" conditionals="69" coveredconditionals="52" methods="18" coveredmethods="15" elements="215" coveredelements="158" complexity="0" loc="128" ncloc="128" packages="4" files="4" classes="4"/>
    <package name="config">
      <metrics statements="5" coveredstatements="5" conditionals="0" coveredconditionals="0" methods="0" coveredmethods="0"/>
      <file name="database.js" path="/workspaces/estudo_db/src/config/database.js">
        <metrics statements="5" coveredstatements="5" conditionals="0" coveredconditionals="0" methods="0" coveredmethods="0"/>
        <line num="1" count="3" type="stmt"/>
        <line num="3" count="3" type="stmt"/>
        <line num="7" count="3" type="stmt"/>
        <line num="9" count="3" type="stmt"/>
        <line num="13" count="3" type="stmt"/>
      </file>
    </package>
    <package name="controllers">
      <metrics statements="79" coveredstatements="42" conditionals="45" coveredconditionals="29" methods="5" coveredmethods="2"/>
      <file name="productsController.js" path="/workspaces/estudo_db/src/controllers/productsController.js">
        <metrics statements="79" coveredstatements="42" conditionals="45" coveredconditionals="29" methods="5" coveredmethods="2"/>
        <line num="1" count="1" type="stmt"/>
        <line num="4" count="4" type="stmt"/>
        <line num="6" count="4" type="cond" truecount="2" falsecount="0"/>
        <line num="7" count="1" type="stmt"/>
        <line num="12" count="3" type="stmt"/>
        <line num="13" count="3" type="stmt"/>
        <line num="15" count="2" type="cond" truecount="2" falsecount="0"/>
        <line num="16" count="1" type="stmt"/>
        <line num="21" count="1" type="stmt"/>
        <line num="23" count="1" type="stmt"/>
        <line num="25" count="1" type="stmt"/>
        <line num="32" count="14" type="stmt"/>
        <line num="35" count="14" type="cond" truecount="4" falsecount="0"/>
        <line num="36" count="2" type="stmt"/>
        <line num="37" count="2" type="stmt"/>
        <line num="39" count="1" type="stmt"/>
        <line num="41" count="1" type="stmt"/>
        <line num="43" count="1" type="stmt"/>
        <line num="50" count="12" type="cond" truecount="2" falsecount="0"/>
        <line num="51" count="1" type="stmt"/>
        <line num="57" count="11" type="cond" truecount="2" falsecount="0"/>
        <line num="58" count="1" type="stmt"/>
        <line num="66" count="10" type="cond" truecount="2" falsecount="0"/>
        <line num="67" count="5" type="stmt"/>
        <line num="69" count="5" type="cond" truecount="2" falsecount="0"/>
        <line num="70" count="1" type="stmt"/>
        <line num="75" count="4" type="cond" truecount="2" falsecount="0"/>
        <line num="76" count="1" type="stmt"/>
        <line num="85" count="8" type="cond" truecount="2" falsecount="0"/>
        <line num="86" count="7" type="stmt"/>
        <line num="88" count="7" type="cond" truecount="2" falsecount="0"/>
        <line num="89" count="2" type="stmt"/>
        <line num="94" count="5" type="cond" truecount="2" falsecount="0"/>
        <line num="95" count="1" type="stmt"/>
        <line num="102" count="5" type="cond" truecount="2" falsecount="0"/>
        <line num="107" count="1" type="stmt"/>
        <line num="112" count="4" type="stmt"/>
        <line num="113" count="4" type="stmt"/>
        <line num="118" count="3" type="stmt"/>
        <line num="120" count="1" type="stmt"/>
        <line num="122" count="1" type="stmt"/>
        <line num="129" count="0" type="stmt"/>
        <line num="131" count="0" type="stmt"/>
        <line num="133" count="0" type="cond" truecount="0" falsecount="2"/>
        <line num="134" count="0" type="stmt"/>
        <line num="139" count="0" type="stmt"/>
        <line num="140" count="0" type="stmt"/>
        <line num="142" count="0" type="stmt"/>
        <line num="144" count="0" type="stmt"/>
        <line num="146" count="0" type="stmt"/>
        <line num="153" count="0" type="stmt"/>
        <line num="155" count="0" type="stmt"/>
        <line num="157" count="0" type="cond" truecount="0" falsecount="2"/>
        <line num="158" count="0" type="stmt"/>
        <line num="163" count="0" type="cond" truecount="0" falsecount="2"/>
        <line num="164" count="0" type="stmt"/>
        <line num="169" count="0" type="cond" truecount="0" falsecount="2"/>
        <line num="170" count="0" type="stmt"/>
        <line num="175" count="0" type="stmt"/>
        <line num="177" count="0" type="cond" truecount="0" falsecount="2"/>
        <line num="178" count="0" type="stmt"/>
        <line num="183" count="0" type="stmt"/>
        <line num="184" count="0" type="stmt"/>
        <line num="186" count="0" type="cond" truecount="0" falsecount="2"/>
        <line num="187" count="0" type="stmt"/>
        <line num="192" count="0" type="stmt"/>
        <line num="194" count="0" type="stmt"/>
        <line num="196" count="0" type="stmt"/>
        <line num="203" count="0" type="stmt"/>
        <line num="205" count="0" type="cond" truecount="0" falsecount="2"/>
        <line num="206" count="0" type="stmt"/>
        <line num="211" count="0" type="stmt"/>
        <line num="212" count="0" type="stmt"/>
        <line num="214" count="0" type="cond" truecount="0" falsecount="2"/>
        <line num="215" count="0" type="stmt"/>
        <line num="220" count="0" type="stmt"/>
        <line num="224" count="0" type="stmt"/>
        <line num="226" count="0" type="stmt"/>
        <line num="232" count="1" type="stmt"/>
      </file>
    </package>
    <package name="repositories">
      <metrics statements="18" coveredstatements="18" conditionals="0" coveredconditionals="0" methods="8" coveredmethods="8"/>
      <file name="productsRepository.js" path="/workspaces/estudo_db/src/repositories/productsRepository.js">
        <metrics statements="18" coveredstatements="18" conditionals="0" coveredconditionals="0" methods="8" coveredmethods="8"/>
        <line num="1" count="3" type="stmt"/>
        <line num="4" count="2" type="stmt"/>
        <line num="9" count="2" type="stmt"/>
        <line num="12" count="1" type="stmt"/>
        <line num="14" count="1" type="stmt"/>
        <line num="18" count="1" type="stmt"/>
        <line num="23" count="1" type="stmt"/>
        <line num="26" count="3" type="stmt"/>
        <line num="33" count="3" type="stmt"/>
        <line num="37" count="2" type="stmt"/>
        <line num="45" count="2" type="stmt"/>
        <line num="49" count="3" type="stmt"/>
        <line num="56" count="3" type="stmt"/>
        <line num="60" count="1" type="stmt"/>
        <line num="67" count="1" type="stmt"/>
        <line num="71" count="1" type="stmt"/>
        <line num="77" count="1" type="stmt"/>
        <line num="80" count="3" type="stmt"/>
      </file>
    </package>
    <package name="services">
      <metrics statements="26" coveredstatements="26" conditionals="24" coveredconditionals="23" methods="5" coveredmethods="5"/>
      <file name="productsService.js" path="/workspaces/estudo_db/src/services/productsService.js">
        <metrics statements="26" coveredstatements="26" conditionals="24" coveredconditionals="23" methods="5" coveredmethods="5"/>
        <line num="1" count="3" type="stmt"/>
        <line num="4" count="2" type="stmt"/>
        <line num="6" count="2" type="stmt"/>
        <line num="10" count="8" type="cond" truecount="4" falsecount="0"/>
        <line num="11" count="2" type="stmt"/>
        <line num="14" count="6" type="cond" truecount="4" falsecount="0"/>
        <line num="15" count="2" type="stmt"/>
        <line num="18" count="4" type="cond" truecount="4" falsecount="0"/>
        <line num="19" count="2" type="stmt"/>
        <line num="22" count="2" type="cond" truecount="3" falsecount="1"/>
        <line num="23" count="2" type="stmt"/>
        <line num="28" count="8" type="cond" truecount="2" falsecount="0"/>
        <line num="29" count="2" type="stmt"/>
        <line num="32" count="6" type="cond" truecount="2" falsecount="0"/>
        <line num="33" count="2" type="stmt"/>
        <line num="36" count="4" type="stmt"/>
        <line num="38" count="4" type="stmt"/>
        <line num="42" count="5" type="cond" truecount="2" falsecount="0"/>
        <line num="43" count="1" type="stmt"/>
        <line num="46" count="4" type="cond" truecount="2" falsecount="0"/>
        <line num="47" count="1" type="stmt"/>
        <line num="50" count="3" type="stmt"/>
        <line num="52" count="3" type="stmt"/>
        <line num="56" count="3" type="stmt"/>
        <line num="58" count="3" type="stmt"/>
        <line num="61" count="3" type="stmt"/>
      </file>
    </package>
  </project>
</coverage>
