{"/workspaces/estudo_db/src/config/database.js": {"path":"/workspaces/estudo_db/src/config/database.js","statementMap":{"0":{"start":{"line":1,"column":13},"end":{"line":1,"column":28}},"1":{"start":{"line":3,"column":0},"end":{"line":5,"column":3}},"2":{"start":{"line":7,"column":17},"end":{"line":7,"column":30}},"3":{"start":{"line":9,"column":13},"end":{"line":11,"column":2}},"4":{"start":{"line":13,"column":0},"end":{"line":13,"column":21}}},"fnMap":{},"branchMap":{},"s":{"0":3,"1":3,"2":3,"3":3,"4":3},"f":{},"b":{},"_coverageSchema":"1a1c01bbd47fc00a2c39e90264f33305004495a9","hash":"3047ac470f989cf0e31e9cdd6717127b8f4dfad4"}
,"/workspaces/estudo_db/src/controllers/productsController.js": {"path":"/workspaces/estudo_db/src/controllers/productsController.js","statementMap":{"0":{"start":{"line":1,"column":24},"end":{"line":1,"column":62}},"1":{"start":{"line":4,"column":13},"end":{"line":4,"column":34}},"2":{"start":{"line":6,"column":2},"end":{"line":10,"column":3}},"3":{"start":{"line":7,"column":4},"end":{"line":9,"column":7}},"4":{"start":{"line":12,"column":2},"end":{"line":28,"column":3}},"5":{"start":{"line":13,"column":19},"end":{"line":13,"column":53}},"6":{"start":{"line":15,"column":4},"end":{"line":19,"column":5}},"7":{"start":{"line":16,"column":6},"end":{"line":18,"column":9}},"8":{"start":{"line":21,"column":4},"end":{"line":21,"column":40}},"9":{"start":{"line":23,"column":4},"end":{"line":23,"column":25}},"10":{"start":{"line":25,"column":4},"end":{"line":27,"column":7}},"11":{"start":{"line":32,"column":33},"end":{"line":32,"column":42}},"12":{"start":{"line":35,"column":2},"end":{"line":47,"column":3}},"13":{"start":{"line":36,"column":4},"end":{"line":46,"column":5}},"14":{"start":{"line":37,"column":23},"end":{"line":37,"column":54}},"15":{"start":{"line":39,"column":6},"end":{"line":39,"column":44}},"16":{"start":{"line":41,"column":6},"end":{"line":41,"column":27}},"17":{"start":{"line":43,"column":6},"end":{"line":45,"column":9}},"18":{"start":{"line":50,"column":2},"end":{"line":54,"column":3}},"19":{"start":{"line":51,"column":4},"end":{"line":53,"column":7}},"20":{"start":{"line":57,"column":2},"end":{"line":61,"column":3}},"21":{"start":{"line":58,"column":4},"end":{"line":60,"column":7}},"22":{"start":{"line":66,"column":2},"end":{"line":80,"column":3}},"23":{"start":{"line":67,"column":4},"end":{"line":67,"column":38}},"24":{"start":{"line":69,"column":4},"end":{"line":73,"column":5}},"25":{"start":{"line":70,"column":6},"end":{"line":72,"column":9}},"26":{"start":{"line":75,"column":4},"end":{"line":79,"column":5}},"27":{"start":{"line":76,"column":6},"end":{"line":78,"column":9}},"28":{"start":{"line":85,"column":2},"end":{"line":99,"column":3}},"29":{"start":{"line":86,"column":4},"end":{"line":86,"column":38}},"30":{"start":{"line":88,"column":4},"end":{"line":92,"column":5}},"31":{"start":{"line":89,"column":6},"end":{"line":91,"column":9}},"32":{"start":{"line":94,"column":4},"end":{"line":98,"column":5}},"33":{"start":{"line":95,"column":6},"end":{"line":97,"column":9}},"34":{"start":{"line":102,"column":2},"end":{"line":110,"column":3}},"35":{"start":{"line":107,"column":4},"end":{"line":109,"column":7}},"36":{"start":{"line":112,"column":2},"end":{"line":125,"column":3}},"37":{"start":{"line":113,"column":21},"end":{"line":116,"column":5}},"38":{"start":{"line":118,"column":4},"end":{"line":118,"column":42}},"39":{"start":{"line":120,"column":4},"end":{"line":120,"column":25}},"40":{"start":{"line":122,"column":4},"end":{"line":124,"column":7}},"41":{"start":{"line":129,"column":26},"end":{"line":129,"column":34}},"42":{"start":{"line":131,"column":22},"end":{"line":131,"column":35}},"43":{"start":{"line":133,"column":2},"end":{"line":137,"column":3}},"44":{"start":{"line":134,"column":4},"end":{"line":136,"column":7}},"45":{"start":{"line":139,"column":2},"end":{"line":149,"column":3}},"46":{"start":{"line":140,"column":20},"end":{"line":140,"column":67}},"47":{"start":{"line":142,"column":4},"end":{"line":142,"column":41}},"48":{"start":{"line":144,"column":4},"end":{"line":144,"column":23}},"49":{"start":{"line":146,"column":4},"end":{"line":148,"column":7}},"50":{"start":{"line":153,"column":13},"end":{"line":153,"column":34}},"51":{"start":{"line":155,"column":26},"end":{"line":155,"column":34}},"52":{"start":{"line":157,"column":2},"end":{"line":161,"column":3}},"53":{"start":{"line":158,"column":4},"end":{"line":160,"column":7}},"54":{"start":{"line":163,"column":2},"end":{"line":167,"column":3}},"55":{"start":{"line":164,"column":4},"end":{"line":166,"column":7}},"56":{"start":{"line":169,"column":2},"end":{"line":173,"column":3}},"57":{"start":{"line":170,"column":4},"end":{"line":172,"column":7}},"58":{"start":{"line":175,"column":22},"end":{"line":175,"column":35}},"59":{"start":{"line":177,"column":2},"end":{"line":181,"column":3}},"60":{"start":{"line":178,"column":4},"end":{"line":180,"column":7}},"61":{"start":{"line":183,"column":2},"end":{"line":199,"column":3}},"62":{"start":{"line":184,"column":20},"end":{"line":184,"column":71}},"63":{"start":{"line":186,"column":4},"end":{"line":190,"column":5}},"64":{"start":{"line":187,"column":6},"end":{"line":189,"column":9}},"65":{"start":{"line":192,"column":4},"end":{"line":192,"column":41}},"66":{"start":{"line":194,"column":4},"end":{"line":194,"column":23}},"67":{"start":{"line":196,"column":4},"end":{"line":198,"column":7}},"68":{"start":{"line":203,"column":13},"end":{"line":203,"column":34}},"69":{"start":{"line":205,"column":2},"end":{"line":209,"column":3}},"70":{"start":{"line":206,"column":4},"end":{"line":208,"column":7}},"71":{"start":{"line":211,"column":2},"end":{"line":229,"column":3}},"72":{"start":{"line":212,"column":20},"end":{"line":212,"column":52}},"73":{"start":{"line":214,"column":4},"end":{"line":218,"column":5}},"74":{"start":{"line":215,"column":6},"end":{"line":217,"column":9}},"75":{"start":{"line":220,"column":4},"end":{"line":222,"column":7}},"76":{"start":{"line":224,"column":4},"end":{"line":224,"column":23}},"77":{"start":{"line":226,"column":4},"end":{"line":228,"column":7}},"78":{"start":{"line":232,"column":0},"end":{"line":238,"column":2}}},"fnMap":{"0":{"name":"findById","decl":{"start":{"line":3,"column":15},"end":{"line":3,"column":23}},"loc":{"start":{"line":3,"column":34},"end":{"line":29,"column":1}},"line":3},"1":{"name":"findAll","decl":{"start":{"line":31,"column":15},"end":{"line":31,"column":22}},"loc":{"start":{"line":31,"column":33},"end":{"line":126,"column":1}},"line":31},"2":{"name":"create","decl":{"start":{"line":128,"column":15},"end":{"line":128,"column":21}},"loc":{"start":{"line":128,"column":32},"end":{"line":150,"column":1}},"line":128},"3":{"name":"update","decl":{"start":{"line":152,"column":15},"end":{"line":152,"column":21}},"loc":{"start":{"line":152,"column":32},"end":{"line":200,"column":1}},"line":152},"4":{"name":"remove","decl":{"start":{"line":202,"column":15},"end":{"line":202,"column":21}},"loc":{"start":{"line":202,"column":32},"end":{"line":230,"column":1}},"line":202}},"branchMap":{"0":{"loc":{"start":{"line":6,"column":2},"end":{"line":10,"column":3}},"type":"if","locations":[{"start":{"line":6,"column":2},"end":{"line":10,"column":3}},{"start":{},"end":{}}],"line":6},"1":{"loc":{"start":{"line":15,"column":4},"end":{"line":19,"column":5}},"type":"if","locations":[{"start":{"line":15,"column":4},"end":{"line":19,"column":5}},{"start":{},"end":{}}],"line":15},"2":{"loc":{"start":{"line":35,"column":2},"end":{"line":47,"column":3}},"type":"if","locations":[{"start":{"line":35,"column":2},"end":{"line":47,"column":3}},{"start":{},"end":{}}],"line":35},"3":{"loc":{"start":{"line":35,"column":6},"end":{"line":35,"column":54}},"type":"binary-expr","locations":[{"start":{"line":35,"column":6},"end":{"line":35,"column":28}},{"start":{"line":35,"column":32},"end":{"line":35,"column":54}}],"line":35},"4":{"loc":{"start":{"line":50,"column":2},"end":{"line":54,"column":3}},"type":"if","locations":[{"start":{"line":50,"column":2},"end":{"line":54,"column":3}},{"start":{},"end":{}}],"line":50},"5":{"loc":{"start":{"line":57,"column":2},"end":{"line":61,"column":3}},"type":"if","locations":[{"start":{"line":57,"column":2},"end":{"line":61,"column":3}},{"start":{},"end":{}}],"line":57},"6":{"loc":{"start":{"line":66,"column":2},"end":{"line":80,"column":3}},"type":"if","locations":[{"start":{"line":66,"column":2},"end":{"line":80,"column":3}},{"start":{},"end":{}}],"line":66},"7":{"loc":{"start":{"line":69,"column":4},"end":{"line":73,"column":5}},"type":"if","locations":[{"start":{"line":69,"column":4},"end":{"line":73,"column":5}},{"start":{},"end":{}}],"line":69},"8":{"loc":{"start":{"line":75,"column":4},"end":{"line":79,"column":5}},"type":"if","locations":[{"start":{"line":75,"column":4},"end":{"line":79,"column":5}},{"start":{},"end":{}}],"line":75},"9":{"loc":{"start":{"line":85,"column":2},"end":{"line":99,"column":3}},"type":"if","locations":[{"start":{"line":85,"column":2},"end":{"line":99,"column":3}},{"start":{},"end":{}}],"line":85},"10":{"loc":{"start":{"line":88,"column":4},"end":{"line":92,"column":5}},"type":"if","locations":[{"start":{"line":88,"column":4},"end":{"line":92,"column":5}},{"start":{},"end":{}}],"line":88},"11":{"loc":{"start":{"line":94,"column":4},"end":{"line":98,"column":5}},"type":"if","locations":[{"start":{"line":94,"column":4},"end":{"line":98,"column":5}},{"start":{},"end":{}}],"line":94},"12":{"loc":{"start":{"line":102,"column":2},"end":{"line":110,"column":3}},"type":"if","locations":[{"start":{"line":102,"column":2},"end":{"line":110,"column":3}},{"start":{},"end":{}}],"line":102},"13":{"loc":{"start":{"line":103,"column":4},"end":{"line":105,"column":35}},"type":"binary-expr","locations":[{"start":{"line":103,"column":4},"end":{"line":103,"column":32}},{"start":{"line":104,"column":4},"end":{"line":104,"column":32}},{"start":{"line":105,"column":4},"end":{"line":105,"column":35}}],"line":103},"14":{"loc":{"start":{"line":133,"column":2},"end":{"line":137,"column":3}},"type":"if","locations":[{"start":{"line":133,"column":2},"end":{"line":137,"column":3}},{"start":{},"end":{}}],"line":133},"15":{"loc":{"start":{"line":157,"column":2},"end":{"line":161,"column":3}},"type":"if","locations":[{"start":{"line":157,"column":2},"end":{"line":161,"column":3}},{"start":{},"end":{}}],"line":157},"16":{"loc":{"start":{"line":163,"column":2},"end":{"line":167,"column":3}},"type":"if","locations":[{"start":{"line":163,"column":2},"end":{"line":167,"column":3}},{"start":{},"end":{}}],"line":163},"17":{"loc":{"start":{"line":169,"column":2},"end":{"line":173,"column":3}},"type":"if","locations":[{"start":{"line":169,"column":2},"end":{"line":173,"column":3}},{"start":{},"end":{}}],"line":169},"18":{"loc":{"start":{"line":177,"column":2},"end":{"line":181,"column":3}},"type":"if","locations":[{"start":{"line":177,"column":2},"end":{"line":181,"column":3}},{"start":{},"end":{}}],"line":177},"19":{"loc":{"start":{"line":186,"column":4},"end":{"line":190,"column":5}},"type":"if","locations":[{"start":{"line":186,"column":4},"end":{"line":190,"column":5}},{"start":{},"end":{}}],"line":186},"20":{"loc":{"start":{"line":205,"column":2},"end":{"line":209,"column":3}},"type":"if","locations":[{"start":{"line":205,"column":2},"end":{"line":209,"column":3}},{"start":{},"end":{}}],"line":205},"21":{"loc":{"start":{"line":214,"column":4},"end":{"line":218,"column":5}},"type":"if","locations":[{"start":{"line":214,"column":4},"end":{"line":218,"column":5}},{"start":{},"end":{}}],"line":214}},"s":{"0":1,"1":4,"2":4,"3":1,"4":3,"5":3,"6":2,"7":1,"8":1,"9":1,"10":1,"11":14,"12":14,"13":2,"14":2,"15":1,"16":1,"17":1,"18":12,"19":1,"20":11,"21":1,"22":10,"23":5,"24":5,"25":1,"26":4,"27":1,"28":8,"29":7,"30":7,"31":2,"32":5,"33":1,"34":5,"35":1,"36":4,"37":4,"38":3,"39":1,"40":1,"41":3,"42":3,"43":3,"44":1,"45":2,"46":2,"47":1,"48":1,"49":1,"50":7,"51":7,"52":7,"53":1,"54":6,"55":1,"56":5,"57":1,"58":4,"59":4,"60":1,"61":3,"62":3,"63":2,"64":1,"65":1,"66":1,"67":1,"68":4,"69":4,"70":1,"71":3,"72":3,"73":2,"74":1,"75":1,"76":1,"77":1,"78":1},"f":{"0":4,"1":14,"2":3,"3":7,"4":4},"b":{"0":[1,3],"1":[1,1],"2":[2,12],"3":[14,8],"4":[1,11],"5":[1,10],"6":[5,5],"7":[1,4],"8":[1,3],"9":[7,1],"10":[2,5],"11":[1,4],"12":[1,4],"13":[5,3,2],"14":[1,2],"15":[1,6],"16":[1,5],"17":[1,4],"18":[1,3],"19":[1,1],"20":[1,3],"21":[1,1]},"_coverageSchema":"1a1c01bbd47fc00a2c39e90264f33305004495a9","hash":"5543ff0ab9cc5c2634d8d1e942a22d6c8d706a8d"}
,"/workspaces/estudo_db/src/repositories/productsRepository.js": {"path":"/workspaces/estudo_db/src/repositories/productsRepository.js","statementMap":{"0":{"start":{"line":1,"column":13},"end":{"line":1,"column":42}},"1":{"start":{"line":4,"column":17},"end":{"line":7,"column":3}},"2":{"start":{"line":9,"column":2},"end":{"line":9,"column":21}},"3":{"start":{"line":12,"column":17},"end":{"line":12,"column":66}},"4":{"start":{"line":14,"column":2},"end":{"line":14,"column":21}},"5":{"start":{"line":18,"column":17},"end":{"line":21,"column":3}},"6":{"start":{"line":23,"column":2},"end":{"line":23,"column":21}},"7":{"start":{"line":26,"column":17},"end":{"line":31,"column":3}},"8":{"start":{"line":33,"column":2},"end":{"line":33,"column":21}},"9":{"start":{"line":37,"column":17},"end":{"line":43,"column":3}},"10":{"start":{"line":45,"column":2},"end":{"line":45,"column":21}},"11":{"start":{"line":49,"column":17},"end":{"line":54,"column":3}},"12":{"start":{"line":56,"column":2},"end":{"line":56,"column":21}},"13":{"start":{"line":60,"column":17},"end":{"line":65,"column":3}},"14":{"start":{"line":67,"column":2},"end":{"line":67,"column":21}},"15":{"start":{"line":71,"column":17},"end":{"line":75,"column":3}},"16":{"start":{"line":77,"column":2},"end":{"line":77,"column":21}},"17":{"start":{"line":80,"column":0},"end":{"line":89,"column":2}}},"fnMap":{"0":{"name":"findById","decl":{"start":{"line":3,"column":15},"end":{"line":3,"column":23}},"loc":{"start":{"line":3,"column":28},"end":{"line":10,"column":1}},"line":3},"1":{"name":"findAll","decl":{"start":{"line":11,"column":15},"end":{"line":11,"column":22}},"loc":{"start":{"line":11,"column":25},"end":{"line":15,"column":1}},"line":11},"2":{"name":"findMinPrice","decl":{"start":{"line":17,"column":15},"end":{"line":17,"column":27}},"loc":{"start":{"line":17,"column":38},"end":{"line":24,"column":1}},"line":17},"3":{"name":"create","decl":{"start":{"line":25,"column":15},"end":{"line":25,"column":21}},"loc":{"start":{"line":25,"column":35},"end":{"line":34,"column":1}},"line":25},"4":{"name":"update","decl":{"start":{"line":36,"column":15},"end":{"line":36,"column":21}},"loc":{"start":{"line":36,"column":39},"end":{"line":46,"column":1}},"line":36},"5":{"name":"remove","decl":{"start":{"line":48,"column":15},"end":{"line":48,"column":21}},"loc":{"start":{"line":48,"column":26},"end":{"line":57,"column":1}},"line":48},"6":{"name":"findMaxPrice","decl":{"start":{"line":59,"column":15},"end":{"line":59,"column":27}},"loc":{"start":{"line":59,"column":38},"end":{"line":68,"column":1}},"line":59},"7":{"name":"findByPriceRange","decl":{"start":{"line":70,"column":15},"end":{"line":70,"column":31}},"loc":{"start":{"line":70,"column":52},"end":{"line":78,"column":1}},"line":70}},"branchMap":{},"s":{"0":3,"1":2,"2":2,"3":1,"4":1,"5":1,"6":1,"7":3,"8":3,"9":2,"10":2,"11":3,"12":3,"13":1,"14":1,"15":1,"16":1,"17":3},"f":{"0":2,"1":1,"2":1,"3":3,"4":2,"5":3,"6":1,"7":1},"b":{},"_coverageSchema":"1a1c01bbd47fc00a2c39e90264f33305004495a9","hash":"d7b2fdb7c66e83032e3ff70f32bd3b7c1c696c41"}
,"/workspaces/estudo_db/src/services/productsService.js": {"path":"/workspaces/estudo_db/src/services/productsService.js","statementMap":{"0":{"start":{"line":1,"column":27},"end":{"line":1,"column":72}},"1":{"start":{"line":4,"column":19},"end":{"line":4,"column":56}},"2":{"start":{"line":6,"column":2},"end":{"line":6,"column":18}},"3":{"start":{"line":10,"column":2},"end":{"line":12,"column":3}},"4":{"start":{"line":11,"column":4},"end":{"line":11,"column":40}},"5":{"start":{"line":14,"column":2},"end":{"line":16,"column":3}},"6":{"start":{"line":15,"column":4},"end":{"line":15,"column":53}},"7":{"start":{"line":18,"column":2},"end":{"line":20,"column":3}},"8":{"start":{"line":19,"column":4},"end":{"line":19,"column":53}},"9":{"start":{"line":22,"column":2},"end":{"line":24,"column":3}},"10":{"start":{"line":23,"column":4},"end":{"line":23,"column":67}},"11":{"start":{"line":28,"column":2},"end":{"line":30,"column":3}},"12":{"start":{"line":29,"column":4},"end":{"line":29,"column":58}},"13":{"start":{"line":32,"column":2},"end":{"line":34,"column":3}},"14":{"start":{"line":33,"column":4},"end":{"line":33,"column":53}},"15":{"start":{"line":36,"column":18},"end":{"line":36,"column":62}},"16":{"start":{"line":38,"column":2},"end":{"line":38,"column":17}},"17":{"start":{"line":42,"column":2},"end":{"line":44,"column":3}},"18":{"start":{"line":43,"column":4},"end":{"line":43,"column":58}},"19":{"start":{"line":46,"column":2},"end":{"line":48,"column":3}},"20":{"start":{"line":47,"column":4},"end":{"line":47,"column":53}},"21":{"start":{"line":50,"column":18},"end":{"line":50,"column":66}},"22":{"start":{"line":52,"column":2},"end":{"line":52,"column":17}},"23":{"start":{"line":56,"column":18},"end":{"line":56,"column":53}},"24":{"start":{"line":58,"column":2},"end":{"line":58,"column":17}},"25":{"start":{"line":61,"column":0},"end":{"line":67,"column":2}}},"fnMap":{"0":{"name":"findById","decl":{"start":{"line":3,"column":15},"end":{"line":3,"column":23}},"loc":{"start":{"line":3,"column":28},"end":{"line":7,"column":1}},"line":3},"1":{"name":"findAll","decl":{"start":{"line":9,"column":15},"end":{"line":9,"column":22}},"loc":{"start":{"line":9,"column":43},"end":{"line":25,"column":1}},"line":9},"2":{"name":"create","decl":{"start":{"line":27,"column":15},"end":{"line":27,"column":21}},"loc":{"start":{"line":27,"column":35},"end":{"line":39,"column":1}},"line":27},"3":{"name":"update","decl":{"start":{"line":41,"column":15},"end":{"line":41,"column":21}},"loc":{"start":{"line":41,"column":39},"end":{"line":53,"column":1}},"line":41},"4":{"name":"remove","decl":{"start":{"line":55,"column":15},"end":{"line":55,"column":21}},"loc":{"start":{"line":55,"column":26},"end":{"line":59,"column":1}},"line":55}},"branchMap":{"0":{"loc":{"start":{"line":10,"column":2},"end":{"line":12,"column":3}},"type":"if","locations":[{"start":{"line":10,"column":2},"end":{"line":12,"column":3}},{"start":{},"end":{}}],"line":10},"1":{"loc":{"start":{"line":10,"column":6},"end":{"line":10,"column":54}},"type":"binary-expr","locations":[{"start":{"line":10,"column":6},"end":{"line":10,"column":28}},{"start":{"line":10,"column":32},"end":{"line":10,"column":54}}],"line":10},"2":{"loc":{"start":{"line":14,"column":2},"end":{"line":16,"column":3}},"type":"if","locations":[{"start":{"line":14,"column":2},"end":{"line":16,"column":3}},{"start":{},"end":{}}],"line":14},"3":{"loc":{"start":{"line":14,"column":6},"end":{"line":14,"column":54}},"type":"binary-expr","locations":[{"start":{"line":14,"column":6},"end":{"line":14,"column":28}},{"start":{"line":14,"column":32},"end":{"line":14,"column":54}}],"line":14},"4":{"loc":{"start":{"line":18,"column":2},"end":{"line":20,"column":3}},"type":"if","locations":[{"start":{"line":18,"column":2},"end":{"line":20,"column":3}},{"start":{},"end":{}}],"line":18},"5":{"loc":{"start":{"line":18,"column":6},"end":{"line":18,"column":54}},"type":"binary-expr","locations":[{"start":{"line":18,"column":6},"end":{"line":18,"column":28}},{"start":{"line":18,"column":32},"end":{"line":18,"column":54}}],"line":18},"6":{"loc":{"start":{"line":22,"column":2},"end":{"line":24,"column":3}},"type":"if","locations":[{"start":{"line":22,"column":2},"end":{"line":24,"column":3}},{"start":{},"end":{}}],"line":22},"7":{"loc":{"start":{"line":22,"column":6},"end":{"line":22,"column":54}},"type":"binary-expr","locations":[{"start":{"line":22,"column":6},"end":{"line":22,"column":28}},{"start":{"line":22,"column":32},"end":{"line":22,"column":54}}],"line":22},"8":{"loc":{"start":{"line":28,"column":2},"end":{"line":30,"column":3}},"type":"if","locations":[{"start":{"line":28,"column":2},"end":{"line":30,"column":3}},{"start":{},"end":{}}],"line":28},"9":{"loc":{"start":{"line":32,"column":2},"end":{"line":34,"column":3}},"type":"if","locations":[{"start":{"line":32,"column":2},"end":{"line":34,"column":3}},{"start":{},"end":{}}],"line":32},"10":{"loc":{"start":{"line":42,"column":2},"end":{"line":44,"column":3}},"type":"if","locations":[{"start":{"line":42,"column":2},"end":{"line":44,"column":3}},{"start":{},"end":{}}],"line":42},"11":{"loc":{"start":{"line":46,"column":2},"end":{"line":48,"column":3}},"type":"if","locations":[{"start":{"line":46,"column":2},"end":{"line":48,"column":3}},{"start":{},"end":{}}],"line":46}},"s":{"0":3,"1":2,"2":2,"3":8,"4":2,"5":6,"6":2,"7":4,"8":2,"9":2,"10":2,"11":8,"12":2,"13":6,"14":2,"15":4,"16":4,"17":5,"18":1,"19":4,"20":1,"21":3,"22":3,"23":3,"24":3,"25":3},"f":{"0":2,"1":8,"2":8,"3":5,"4":3},"b":{"0":[2,6],"1":[8,4],"2":[2,4],"3":[6,4],"4":[2,2],"5":[4,2],"6":[2,0],"7":[2,2],"8":[2,6],"9":[2,4],"10":[1,4],"11":[1,3]},"_coverageSchema":"1a1c01bbd47fc00a2c39e90264f33305004495a9","hash":"94cdc431bad3b8c57a2a8f0d6a5c9da68c4a8214"}
}
