TN:
SF:src/config/database.js
FNF:0
FNH:0
DA:1,3
DA:3,3
DA:7,3
DA:9,3
DA:13,3
LF:5
LH:5
BRF:0
BRH:0
end_of_record
TN:
SF:src/controllers/productsController.js
FN:3,findById
FN:31,findAll
FN:128,create
FN:152,update
FN:202,remove
FNF:5
FNH:2
FNDA:3,findById
FNDA:12,findAll
FNDA:0,create
FNDA:0,update
FNDA:0,remove
DA:1,1
DA:4,3
DA:6,3
DA:7,1
DA:12,2
DA:13,2
DA:15,2
DA:16,1
DA:21,1
DA:23,0
DA:25,0
DA:32,12
DA:35,12
DA:36,1
DA:37,1
DA:39,1
DA:41,0
DA:43,0
DA:50,11
DA:51,1
DA:57,10
DA:58,1
DA:66,9
DA:67,5
DA:69,5
DA:70,1
DA:75,4
DA:76,1
DA:85,7
DA:86,6
DA:88,6
DA:89,2
DA:94,4
DA:95,1
DA:102,4
DA:107,1
DA:112,3
DA:113,3
DA:118,3
DA:120,0
DA:122,0
DA:129,0
DA:131,0
DA:133,0
DA:134,0
DA:139,0
DA:140,0
DA:142,0
DA:144,0
DA:146,0
DA:153,0
DA:155,0
DA:157,0
DA:158,0
DA:163,0
DA:164,0
DA:169,0
DA:170,0
DA:175,0
DA:177,0
DA:178,0
DA:183,0
DA:184,0
DA:186,0
DA:187,0
DA:192,0
DA:194,0
DA:196,0
DA:203,0
DA:205,0
DA:206,0
DA:211,0
DA:212,0
DA:214,0
DA:215,0
DA:220,0
DA:224,0
DA:226,0
DA:232,1
LF:79
LH:36
BRDA:6,0,0,1
BRDA:6,0,1,2
BRDA:15,1,0,1
BRDA:15,1,1,1
BRDA:35,2,0,1
BRDA:35,2,1,11
BRDA:35,3,0,12
BRDA:35,3,1,6
BRDA:50,4,0,1
BRDA:50,4,1,10
BRDA:57,5,0,1
BRDA:57,5,1,9
BRDA:66,6,0,5
BRDA:66,6,1,4
BRDA:69,7,0,1
BRDA:69,7,1,4
BRDA:75,8,0,1
BRDA:75,8,1,3
BRDA:85,9,0,6
BRDA:85,9,1,1
BRDA:88,10,0,2
BRDA:88,10,1,4
BRDA:94,11,0,1
BRDA:94,11,1,3
BRDA:102,12,0,1
BRDA:102,12,1,3
BRDA:103,13,0,4
BRDA:103,13,1,3
BRDA:103,13,2,2
BRDA:133,14,0,0
BRDA:133,14,1,0
BRDA:157,15,0,0
BRDA:157,15,1,0
BRDA:163,16,0,0
BRDA:163,16,1,0
BRDA:169,17,0,0
BRDA:169,17,1,0
BRDA:177,18,0,0
BRDA:177,18,1,0
BRDA:186,19,0,0
BRDA:186,19,1,0
BRDA:205,20,0,0
BRDA:205,20,1,0
BRDA:214,21,0,0
BRDA:214,21,1,0
BRF:45
BRH:29
end_of_record
TN:
SF:src/repositories/productsRepository.js
FN:3,findById
FN:11,findAll
FN:17,findMinPrice
FN:25,create
FN:36,update
FN:48,remove
FN:59,findMaxPrice
FN:70,findByPriceRange
FNF:8
FNH:8
FNDA:2,findById
FNDA:1,findAll
FNDA:1,findMinPrice
FNDA:3,create
FNDA:2,update
FNDA:3,remove
FNDA:1,findMaxPrice
FNDA:1,findByPriceRange
DA:1,3
DA:4,2
DA:9,2
DA:12,1
DA:14,1
DA:18,1
DA:23,1
DA:26,3
DA:33,3
DA:37,2
DA:45,2
DA:49,3
DA:56,3
DA:60,1
DA:67,1
DA:71,1
DA:77,1
DA:80,3
LF:18
LH:18
BRF:0
BRH:0
end_of_record
TN:
SF:src/services/productsService.js
FN:3,findById
FN:9,findAll
FN:27,create
FN:41,update
FN:55,remove
FNF:5
FNH:5
FNDA:2,findById
FNDA:8,findAll
FNDA:8,create
FNDA:5,update
FNDA:3,remove
DA:1,3
DA:4,2
DA:6,2
DA:10,8
DA:11,2
DA:14,6
DA:15,2
DA:18,4
DA:19,2
DA:22,2
DA:23,2
DA:28,8
DA:29,2
DA:32,6
DA:33,2
DA:36,4
DA:38,4
DA:42,5
DA:43,1
DA:46,4
DA:47,1
DA:50,3
DA:52,3
DA:56,3
DA:58,3
DA:61,3
LF:26
LH:26
BRDA:10,0,0,2
BRDA:10,0,1,6
BRDA:10,1,0,8
BRDA:10,1,1,4
BRDA:14,2,0,2
BRDA:14,2,1,4
BRDA:14,3,0,6
BRDA:14,3,1,4
BRDA:18,4,0,2
BRDA:18,4,1,2
BRDA:18,5,0,4
BRDA:18,5,1,2
BRDA:22,6,0,2
BRDA:22,6,1,0
BRDA:22,7,0,2
BRDA:22,7,1,2
BRDA:28,8,0,2
BRDA:28,8,1,6
BRDA:32,9,0,2
BRDA:32,9,1,4
BRDA:42,10,0,1
BRDA:42,10,1,4
BRDA:46,11,0,1
BRDA:46,11,1,3
BRF:24
BRH:23
end_of_record
